{"C:\\Users\\victo\\OneDrive\\Documentos\\Projetos\\App-Quadras-Back\\src\\index.ts": {"path":"C:\\Users\\victo\\OneDrive\\Documentos\\Projetos\\App-Quadras-Back\\src\\index.ts","statementMap":{"0":{"start":{"line":1,"column":0},"end":{"line":1,"column":47}},"1":{"start":{"line":2,"column":0},"end":{"line":2,"column":24}},"2":{"start":{"line":3,"column":0},"end":{"line":3,"column":45}},"3":{"start":{"line":4,"column":0},"end":{"line":4,"column":44}},"4":{"start":{"line":5,"column":0},"end":{"line":5,"column":50}},"5":{"start":{"line":7,"column":25},"end":{"line":7,"column":34}},"6":{"start":{"line":8,"column":13},"end":{"line":8,"column":37}},"7":{"start":{"line":10,"column":0},"end":{"line":10,"column":16}},"8":{"start":{"line":11,"column":0},"end":{"line":11,"column":24}},"9":{"start":{"line":14,"column":0},"end":{"line":14,"column":29}},"10":{"start":{"line":15,"column":0},"end":{"line":15,"column":33}},"11":{"start":{"line":16,"column":0},"end":{"line":16,"column":36}},"12":{"start":{"line":18,"column":0},"end":{"line":20,"column":3}},"13":{"start":{"line":19,"column":4},"end":{"line":19,"column":53}},"14":{"start":{"line":22,"column":0},"end":{"line":22,"column":19}}},"fnMap":{"0":{"name":"(anonymous_1)","decl":{"start":{"line":18,"column":17},"end":{"line":18,"column":20}},"loc":{"start":{"line":18,"column":22},"end":{"line":20,"column":1}}}},"branchMap":{"0":{"loc":{"start":{"line":8,"column":13},"end":{"line":8,"column":37}},"type":"binary-expr","locations":[{"start":{"line":8,"column":13},"end":{"line":8,"column":29}},{"start":{"line":8,"column":33},"end":{"line":8,"column":37}}]}},"s":{"0":1,"1":1,"2":1,"3":1,"4":1,"5":1,"6":1,"7":1,"8":1,"9":1,"10":1,"11":1,"12":1,"13":1,"14":1},"f":{"0":1},"b":{"0":[1,1]}}
,"C:\\Users\\victo\\OneDrive\\Documentos\\Projetos\\App-Quadras-Back\\src\\business\\userBusiness.ts": {"path":"C:\\Users\\victo\\OneDrive\\Documentos\\Projetos\\App-Quadras-Back\\src\\business\\userBusiness.ts","statementMap":{"0":{"start":{"line":1,"column":0},"end":{"line":1,"column":156}},"1":{"start":{"line":2,"column":0},"end":{"line":2,"column":65}},"2":{"start":{"line":3,"column":0},"end":{"line":3,"column":49}},"3":{"start":{"line":6,"column":32},"end":{"line":24,"column":2}},"4":{"start":{"line":14,"column":4},"end":{"line":24,"column":2}},"5":{"start":{"line":15,"column":29},"end":{"line":15,"column":68}},"6":{"start":{"line":16,"column":4},"end":{"line":18,"column":5}},"7":{"start":{"line":17,"column":8},"end":{"line":17,"column":64}},"8":{"start":{"line":19,"column":22},"end":{"line":19,"column":44}},"9":{"start":{"line":20,"column":24},"end":{"line":20,"column":102}},"10":{"start":{"line":22,"column":18},"end":{"line":22,"column":110}},"11":{"start":{"line":23,"column":4},"end":{"line":23,"column":128}},"12":{"start":{"line":6,"column":13},"end":{"line":6,"column":32}},"13":{"start":{"line":28,"column":29},"end":{"line":46,"column":2}},"14":{"start":{"line":36,"column":4},"end":{"line":46,"column":2}},"15":{"start":{"line":37,"column":29},"end":{"line":37,"column":73}},"16":{"start":{"line":38,"column":4},"end":{"line":40,"column":5}},"17":{"start":{"line":39,"column":8},"end":{"line":39,"column":50}},"18":{"start":{"line":41,"column":23},"end":{"line":41,"column":106}},"19":{"start":{"line":42,"column":4},"end":{"line":44,"column":5}},"20":{"start":{"line":43,"column":8},"end":{"line":43,"column":53}},"21":{"start":{"line":45,"column":4},"end":{"line":45,"column":58}},"22":{"start":{"line":28,"column":13},"end":{"line":28,"column":29}},"23":{"start":{"line":50,"column":30},"end":{"line":60,"column":2}},"24":{"start":{"line":50,"column":51},"end":{"line":60,"column":2}},"25":{"start":{"line":51,"column":29},"end":{"line":51,"column":73}},"26":{"start":{"line":52,"column":4},"end":{"line":54,"column":5}},"27":{"start":{"line":53,"column":8},"end":{"line":53,"column":50}},"28":{"start":{"line":55,"column":21},"end":{"line":55,"column":58}},"29":{"start":{"line":56,"column":4},"end":{"line":58,"column":5}},"30":{"start":{"line":57,"column":8},"end":{"line":57,"column":51}},"31":{"start":{"line":59,"column":4},"end":{"line":59,"column":56}},"32":{"start":{"line":50,"column":13},"end":{"line":50,"column":30}},"33":{"start":{"line":64,"column":34},"end":{"line":70,"column":2}},"34":{"start":{"line":64,"column":55},"end":{"line":70,"column":2}},"35":{"start":{"line":65,"column":20},"end":{"line":65,"column":64}},"36":{"start":{"line":66,"column":4},"end":{"line":68,"column":5}},"37":{"start":{"line":67,"column":8},"end":{"line":67,"column":50}},"38":{"start":{"line":69,"column":4},"end":{"line":69,"column":19}},"39":{"start":{"line":64,"column":13},"end":{"line":64,"column":34}},"40":{"start":{"line":74,"column":30},"end":{"line":76,"column":2}},"41":{"start":{"line":74,"column":41},"end":{"line":76,"column":2}},"42":{"start":{"line":75,"column":4},"end":{"line":75,"column":36}},"43":{"start":{"line":74,"column":13},"end":{"line":74,"column":30}},"44":{"start":{"line":80,"column":28},"end":{"line":92,"column":2}},"45":{"start":{"line":80,"column":67},"end":{"line":92,"column":2}},"46":{"start":{"line":81,"column":20},"end":{"line":81,"column":59}},"47":{"start":{"line":82,"column":4},"end":{"line":84,"column":5}},"48":{"start":{"line":83,"column":8},"end":{"line":83,"column":50}},"49":{"start":{"line":85,"column":24},"end":{"line":85,"column":64}},"50":{"start":{"line":86,"column":4},"end":{"line":88,"column":5}},"51":{"start":{"line":87,"column":8},"end":{"line":87,"column":43}},"52":{"start":{"line":90,"column":18},"end":{"line":90,"column":94}},"53":{"start":{"line":91,"column":4},"end":{"line":91,"column":112}},"54":{"start":{"line":80,"column":13},"end":{"line":80,"column":28}}},"fnMap":{"0":{"name":"(anonymous_7)","decl":{"start":{"line":6,"column":32},"end":{"line":6,"column":null}},"loc":{"start":{"line":14,"column":4},"end":{"line":24,"column":2}}},"1":{"name":"(anonymous_8)","decl":{"start":{"line":14,"column":4},"end":{"line":14,"column":null}},"loc":{"start":{"line":14,"column":4},"end":{"line":24,"column":1}}},"2":{"name":"(anonymous_9)","decl":{"start":{"line":28,"column":29},"end":{"line":28,"column":null}},"loc":{"start":{"line":36,"column":4},"end":{"line":46,"column":2}}},"3":{"name":"(anonymous_10)","decl":{"start":{"line":36,"column":4},"end":{"line":36,"column":null}},"loc":{"start":{"line":36,"column":4},"end":{"line":46,"column":1}}},"4":{"name":"(anonymous_11)","decl":{"start":{"line":50,"column":30},"end":{"line":50,"column":37}},"loc":{"start":{"line":50,"column":51},"end":{"line":60,"column":2}}},"5":{"name":"(anonymous_12)","decl":{"start":{"line":50,"column":51},"end":{"line":50,"column":null}},"loc":{"start":{"line":50,"column":51},"end":{"line":60,"column":1}}},"6":{"name":"(anonymous_13)","decl":{"start":{"line":64,"column":34},"end":{"line":64,"column":41}},"loc":{"start":{"line":64,"column":55},"end":{"line":70,"column":2}}},"7":{"name":"(anonymous_14)","decl":{"start":{"line":64,"column":55},"end":{"line":64,"column":null}},"loc":{"start":{"line":64,"column":55},"end":{"line":70,"column":1}}},"8":{"name":"(anonymous_15)","decl":{"start":{"line":74,"column":30},"end":{"line":74,"column":39}},"loc":{"start":{"line":74,"column":41},"end":{"line":76,"column":2}}},"9":{"name":"(anonymous_16)","decl":{"start":{"line":74,"column":41},"end":{"line":74,"column":null}},"loc":{"start":{"line":74,"column":41},"end":{"line":76,"column":1}}},"10":{"name":"(anonymous_17)","decl":{"start":{"line":80,"column":28},"end":{"line":80,"column":35}},"loc":{"start":{"line":80,"column":67},"end":{"line":92,"column":2}}},"11":{"name":"(anonymous_18)","decl":{"start":{"line":80,"column":67},"end":{"line":80,"column":null}},"loc":{"start":{"line":80,"column":67},"end":{"line":92,"column":1}}}},"branchMap":{"0":{"loc":{"start":{"line":16,"column":4},"end":{"line":18,"column":5}},"type":"if","locations":[{"start":{"line":16,"column":4},"end":{"line":18,"column":5}}]},"1":{"loc":{"start":{"line":38,"column":4},"end":{"line":40,"column":5}},"type":"if","locations":[{"start":{"line":38,"column":4},"end":{"line":40,"column":5}}]},"2":{"loc":{"start":{"line":42,"column":4},"end":{"line":44,"column":5}},"type":"if","locations":[{"start":{"line":42,"column":4},"end":{"line":44,"column":5}}]},"3":{"loc":{"start":{"line":52,"column":4},"end":{"line":54,"column":5}},"type":"if","locations":[{"start":{"line":52,"column":4},"end":{"line":54,"column":5}}]},"4":{"loc":{"start":{"line":56,"column":4},"end":{"line":58,"column":5}},"type":"if","locations":[{"start":{"line":56,"column":4},"end":{"line":58,"column":5}}]},"5":{"loc":{"start":{"line":66,"column":4},"end":{"line":68,"column":5}},"type":"if","locations":[{"start":{"line":66,"column":4},"end":{"line":68,"column":5}}]},"6":{"loc":{"start":{"line":82,"column":4},"end":{"line":84,"column":5}},"type":"if","locations":[{"start":{"line":82,"column":4},"end":{"line":84,"column":5}}]},"7":{"loc":{"start":{"line":86,"column":4},"end":{"line":88,"column":5}},"type":"if","locations":[{"start":{"line":86,"column":4},"end":{"line":88,"column":5}}]}},"s":{"0":1,"1":1,"2":1,"3":1,"4":0,"5":0,"6":0,"7":0,"8":0,"9":0,"10":0,"11":0,"12":1,"13":1,"14":0,"15":0,"16":0,"17":0,"18":0,"19":0,"20":0,"21":0,"22":1,"23":1,"24":0,"25":0,"26":0,"27":0,"28":0,"29":0,"30":0,"31":0,"32":1,"33":1,"34":0,"35":0,"36":0,"37":0,"38":0,"39":1,"40":1,"41":0,"42":0,"43":1,"44":1,"45":0,"46":0,"47":0,"48":0,"49":0,"50":0,"51":0,"52":0,"53":0,"54":1},"f":{"0":0,"1":0,"2":0,"3":0,"4":0,"5":0,"6":0,"7":0,"8":0,"9":0,"10":0,"11":0},"b":{"0":[0],"1":[0],"2":[0],"3":[0],"4":[0],"5":[0],"6":[0],"7":[0]}}
,"C:\\Users\\victo\\OneDrive\\Documentos\\Projetos\\App-Quadras-Back\\src\\controllers\\authController.ts": {"path":"C:\\Users\\victo\\OneDrive\\Documentos\\Projetos\\App-Quadras-Back\\src\\controllers\\authController.ts","statementMap":{"0":{"start":{"line":2,"column":0},"end":{"line":2,"column":141}},"1":{"start":{"line":4,"column":24},"end":{"line":19,"column":2}},"2":{"start":{"line":4,"column":77},"end":{"line":19,"column":2}},"3":{"start":{"line":5,"column":4},"end":{"line":18,"column":5}},"4":{"start":{"line":6,"column":73},"end":{"line":6,"column":81}},"5":{"start":{"line":8,"column":8},"end":{"line":11,"column":9}},"6":{"start":{"line":9,"column":12},"end":{"line":9,"column":79}},"7":{"start":{"line":10,"column":12},"end":{"line":10,"column":19}},"8":{"start":{"line":13,"column":26},"end":{"line":13,"column":102}},"9":{"start":{"line":14,"column":8},"end":{"line":14,"column":40}},"10":{"start":{"line":16,"column":8},"end":{"line":16,"column":68}},"11":{"start":{"line":17,"column":8},"end":{"line":17,"column":58}},"12":{"start":{"line":4,"column":13},"end":{"line":4,"column":24}},"13":{"start":{"line":23,"column":21},"end":{"line":37,"column":2}},"14":{"start":{"line":23,"column":74},"end":{"line":37,"column":2}},"15":{"start":{"line":24,"column":4},"end":{"line":36,"column":5}},"16":{"start":{"line":25,"column":33},"end":{"line":25,"column":41}},"17":{"start":{"line":27,"column":8},"end":{"line":30,"column":9}},"18":{"start":{"line":28,"column":12},"end":{"line":28,"column":79}},"19":{"start":{"line":29,"column":12},"end":{"line":29,"column":19}},"20":{"start":{"line":32,"column":26},"end":{"line":32,"column":58}},"21":{"start":{"line":33,"column":8},"end":{"line":33,"column":40}},"22":{"start":{"line":35,"column":8},"end":{"line":35,"column":58}},"23":{"start":{"line":23,"column":13},"end":{"line":23,"column":21}},"24":{"start":{"line":39,"column":22},"end":{"line":55,"column":2}},"25":{"start":{"line":39,"column":75},"end":{"line":55,"column":2}},"26":{"start":{"line":40,"column":4},"end":{"line":54,"column":5}},"27":{"start":{"line":41,"column":23},"end":{"line":41,"column":33}},"28":{"start":{"line":42,"column":66},"end":{"line":42,"column":74}},"29":{"start":{"line":44,"column":25},"end":{"line":44,"column":35}},"30":{"start":{"line":45,"column":8},"end":{"line":48,"column":9}},"31":{"start":{"line":46,"column":12},"end":{"line":46,"column":62}},"32":{"start":{"line":47,"column":12},"end":{"line":47,"column":19}},"33":{"start":{"line":50,"column":26},"end":{"line":50,"column":102}},"34":{"start":{"line":51,"column":8},"end":{"line":51,"column":40}},"35":{"start":{"line":53,"column":8},"end":{"line":53,"column":58}},"36":{"start":{"line":39,"column":13},"end":{"line":39,"column":22}},"37":{"start":{"line":57,"column":23},"end":{"line":72,"column":2}},"38":{"start":{"line":57,"column":76},"end":{"line":72,"column":2}},"39":{"start":{"line":58,"column":4},"end":{"line":71,"column":5}},"40":{"start":{"line":59,"column":23},"end":{"line":59,"column":33}},"41":{"start":{"line":61,"column":25},"end":{"line":61,"column":35}},"42":{"start":{"line":62,"column":8},"end":{"line":65,"column":9}},"43":{"start":{"line":63,"column":12},"end":{"line":63,"column":62}},"44":{"start":{"line":64,"column":12},"end":{"line":64,"column":19}},"45":{"start":{"line":67,"column":26},"end":{"line":67,"column":56}},"46":{"start":{"line":68,"column":8},"end":{"line":68,"column":40}},"47":{"start":{"line":70,"column":8},"end":{"line":70,"column":58}},"48":{"start":{"line":57,"column":13},"end":{"line":57,"column":23}},"49":{"start":{"line":74,"column":27},"end":{"line":89,"column":2}},"50":{"start":{"line":74,"column":80},"end":{"line":89,"column":2}},"51":{"start":{"line":75,"column":4},"end":{"line":88,"column":5}},"52":{"start":{"line":76,"column":23},"end":{"line":76,"column":33}},"53":{"start":{"line":78,"column":25},"end":{"line":78,"column":35}},"54":{"start":{"line":79,"column":8},"end":{"line":82,"column":9}},"55":{"start":{"line":80,"column":12},"end":{"line":80,"column":62}},"56":{"start":{"line":81,"column":12},"end":{"line":81,"column":19}},"57":{"start":{"line":84,"column":24},"end":{"line":84,"column":58}},"58":{"start":{"line":85,"column":8},"end":{"line":85,"column":38}},"59":{"start":{"line":87,"column":8},"end":{"line":87,"column":58}},"60":{"start":{"line":74,"column":13},"end":{"line":74,"column":27}},"61":{"start":{"line":91,"column":22},"end":{"line":98,"column":2}},"62":{"start":{"line":91,"column":75},"end":{"line":98,"column":2}},"63":{"start":{"line":92,"column":4},"end":{"line":97,"column":5}},"64":{"start":{"line":93,"column":25},"end":{"line":93,"column":47}},"65":{"start":{"line":94,"column":8},"end":{"line":94,"column":39}},"66":{"start":{"line":96,"column":8},"end":{"line":96,"column":58}},"67":{"start":{"line":91,"column":13},"end":{"line":91,"column":22}}},"fnMap":{"0":{"name":"(anonymous_7)","decl":{"start":{"line":4,"column":24},"end":{"line":4,"column":31}},"loc":{"start":{"line":4,"column":77},"end":{"line":19,"column":2}}},"1":{"name":"(anonymous_8)","decl":{"start":{"line":4,"column":77},"end":{"line":4,"column":null}},"loc":{"start":{"line":4,"column":77},"end":{"line":19,"column":1}}},"2":{"name":"(anonymous_9)","decl":{"start":{"line":23,"column":21},"end":{"line":23,"column":28}},"loc":{"start":{"line":23,"column":74},"end":{"line":37,"column":2}}},"3":{"name":"(anonymous_10)","decl":{"start":{"line":23,"column":74},"end":{"line":23,"column":null}},"loc":{"start":{"line":23,"column":74},"end":{"line":37,"column":1}}},"4":{"name":"(anonymous_11)","decl":{"start":{"line":39,"column":22},"end":{"line":39,"column":29}},"loc":{"start":{"line":39,"column":75},"end":{"line":55,"column":2}}},"5":{"name":"(anonymous_12)","decl":{"start":{"line":39,"column":75},"end":{"line":39,"column":null}},"loc":{"start":{"line":39,"column":75},"end":{"line":55,"column":1}}},"6":{"name":"(anonymous_13)","decl":{"start":{"line":57,"column":23},"end":{"line":57,"column":30}},"loc":{"start":{"line":57,"column":76},"end":{"line":72,"column":2}}},"7":{"name":"(anonymous_14)","decl":{"start":{"line":57,"column":76},"end":{"line":57,"column":null}},"loc":{"start":{"line":57,"column":76},"end":{"line":72,"column":1}}},"8":{"name":"(anonymous_15)","decl":{"start":{"line":74,"column":27},"end":{"line":74,"column":34}},"loc":{"start":{"line":74,"column":80},"end":{"line":89,"column":2}}},"9":{"name":"(anonymous_16)","decl":{"start":{"line":74,"column":80},"end":{"line":74,"column":null}},"loc":{"start":{"line":74,"column":80},"end":{"line":89,"column":1}}},"10":{"name":"(anonymous_17)","decl":{"start":{"line":91,"column":22},"end":{"line":91,"column":29}},"loc":{"start":{"line":91,"column":75},"end":{"line":98,"column":2}}},"11":{"name":"(anonymous_18)","decl":{"start":{"line":91,"column":75},"end":{"line":91,"column":null}},"loc":{"start":{"line":91,"column":75},"end":{"line":98,"column":1}}}},"branchMap":{"0":{"loc":{"start":{"line":8,"column":8},"end":{"line":11,"column":9}},"type":"if","locations":[{"start":{"line":8,"column":8},"end":{"line":11,"column":9}}]},"1":{"loc":{"start":{"line":8,"column":12},"end":{"line":8,"column":83}},"type":"binary-expr","locations":[{"start":{"line":8,"column":12},"end":{"line":8,"column":17}},{"start":{"line":8,"column":21},"end":{"line":8,"column":27}},{"start":{"line":8,"column":31},"end":{"line":8,"column":37}},{"start":{"line":8,"column":41},"end":{"line":8,"column":50}},{"start":{"line":8,"column":54},"end":{"line":8,"column":64}},{"start":{"line":8,"column":68},"end":{"line":8,"column":74}},{"start":{"line":8,"column":78},"end":{"line":8,"column":83}}]},"2":{"loc":{"start":{"line":27,"column":8},"end":{"line":30,"column":9}},"type":"if","locations":[{"start":{"line":27,"column":8},"end":{"line":30,"column":9}}]},"3":{"loc":{"start":{"line":27,"column":12},"end":{"line":27,"column":28}},"type":"binary-expr","locations":[{"start":{"line":27,"column":12},"end":{"line":27,"column":18}},{"start":{"line":27,"column":22},"end":{"line":27,"column":28}}]},"4":{"loc":{"start":{"line":45,"column":8},"end":{"line":48,"column":9}},"type":"if","locations":[{"start":{"line":45,"column":8},"end":{"line":48,"column":9}}]},"5":{"loc":{"start":{"line":62,"column":8},"end":{"line":65,"column":9}},"type":"if","locations":[{"start":{"line":62,"column":8},"end":{"line":65,"column":9}}]},"6":{"loc":{"start":{"line":79,"column":8},"end":{"line":82,"column":9}},"type":"if","locations":[{"start":{"line":79,"column":8},"end":{"line":82,"column":9}}]}},"s":{"0":1,"1":1,"2":0,"3":0,"4":0,"5":0,"6":0,"7":0,"8":0,"9":0,"10":0,"11":0,"12":1,"13":1,"14":0,"15":0,"16":0,"17":0,"18":0,"19":0,"20":0,"21":0,"22":0,"23":1,"24":1,"25":0,"26":0,"27":0,"28":0,"29":0,"30":0,"31":0,"32":0,"33":0,"34":0,"35":0,"36":1,"37":1,"38":0,"39":0,"40":0,"41":0,"42":0,"43":0,"44":0,"45":0,"46":0,"47":0,"48":1,"49":1,"50":0,"51":0,"52":0,"53":0,"54":0,"55":0,"56":0,"57":0,"58":0,"59":0,"60":1,"61":1,"62":0,"63":0,"64":0,"65":0,"66":0,"67":1},"f":{"0":0,"1":0,"2":0,"3":0,"4":0,"5":0,"6":0,"7":0,"8":0,"9":0,"10":0,"11":0},"b":{"0":[0],"1":[0,0,0,0,0,0,0],"2":[0],"3":[0,0],"4":[0],"5":[0],"6":[0]}}
,"C:\\Users\\victo\\OneDrive\\Documentos\\Projetos\\App-Quadras-Back\\src\\controllers\\reservaController.ts": {"path":"C:\\Users\\victo\\OneDrive\\Documentos\\Projetos\\App-Quadras-Back\\src\\controllers\\reservaController.ts","statementMap":{"0":{"start":{"line":2,"column":0},"end":{"line":2,"column":51}},"1":{"start":{"line":4,"column":28},"end":{"line":24,"column":2}},"2":{"start":{"line":4,"column":66},"end":{"line":24,"column":2}},"3":{"start":{"line":5,"column":63},"end":{"line":5,"column":71}},"4":{"start":{"line":7,"column":4},"end":{"line":23,"column":5}},"5":{"start":{"line":8,"column":28},"end":{"line":17,"column":10}},"6":{"start":{"line":19,"column":30},"end":{"line":19,"column":73}},"7":{"start":{"line":20,"column":8},"end":{"line":20,"column":44}},"8":{"start":{"line":22,"column":8},"end":{"line":22,"column":68}},"9":{"start":{"line":4,"column":13},"end":{"line":4,"column":28}},"10":{"start":{"line":29,"column":38},"end":{"line":38,"column":2}},"11":{"start":{"line":29,"column":76},"end":{"line":38,"column":2}},"12":{"start":{"line":30,"column":25},"end":{"line":30,"column":34}},"13":{"start":{"line":32,"column":4},"end":{"line":37,"column":5}},"14":{"start":{"line":33,"column":25},"end":{"line":33,"column":79}},"15":{"start":{"line":34,"column":8},"end":{"line":34,"column":39}},"16":{"start":{"line":36,"column":8},"end":{"line":36,"column":78}},"17":{"start":{"line":29,"column":13},"end":{"line":29,"column":38}},"18":{"start":{"line":42,"column":40},"end":{"line":51,"column":2}},"19":{"start":{"line":42,"column":78},"end":{"line":51,"column":2}},"20":{"start":{"line":43,"column":26},"end":{"line":43,"column":36}},"21":{"start":{"line":45,"column":4},"end":{"line":50,"column":5}},"22":{"start":{"line":46,"column":25},"end":{"line":46,"column":78}},"23":{"start":{"line":47,"column":8},"end":{"line":47,"column":39}},"24":{"start":{"line":49,"column":8},"end":{"line":49,"column":79}},"25":{"start":{"line":42,"column":13},"end":{"line":42,"column":40}},"26":{"start":{"line":55,"column":36},"end":{"line":67,"column":2}},"27":{"start":{"line":55,"column":74},"end":{"line":67,"column":2}},"28":{"start":{"line":56,"column":26},"end":{"line":56,"column":36}},"29":{"start":{"line":57,"column":27},"end":{"line":57,"column":35}},"30":{"start":{"line":59,"column":4},"end":{"line":66,"column":5}},"31":{"start":{"line":60,"column":8},"end":{"line":60,"column":70}},"32":{"start":{"line":61,"column":8},"end":{"line":61,"column":76}},"33":{"start":{"line":63,"column":8},"end":{"line":65,"column":11}},"34":{"start":{"line":55,"column":13},"end":{"line":55,"column":36}}},"fnMap":{"0":{"name":"(anonymous_13)","decl":{"start":{"line":4,"column":28},"end":{"line":4,"column":35}},"loc":{"start":{"line":4,"column":66},"end":{"line":24,"column":2}}},"1":{"name":"(anonymous_14)","decl":{"start":{"line":4,"column":66},"end":{"line":4,"column":null}},"loc":{"start":{"line":4,"column":66},"end":{"line":24,"column":1}}},"2":{"name":"(anonymous_15)","decl":{"start":{"line":29,"column":38},"end":{"line":29,"column":45}},"loc":{"start":{"line":29,"column":76},"end":{"line":38,"column":2}}},"3":{"name":"(anonymous_16)","decl":{"start":{"line":29,"column":76},"end":{"line":29,"column":null}},"loc":{"start":{"line":29,"column":76},"end":{"line":38,"column":1}}},"4":{"name":"(anonymous_17)","decl":{"start":{"line":42,"column":40},"end":{"line":42,"column":47}},"loc":{"start":{"line":42,"column":78},"end":{"line":51,"column":2}}},"5":{"name":"(anonymous_18)","decl":{"start":{"line":42,"column":78},"end":{"line":42,"column":null}},"loc":{"start":{"line":42,"column":78},"end":{"line":51,"column":1}}},"6":{"name":"(anonymous_19)","decl":{"start":{"line":55,"column":36},"end":{"line":55,"column":43}},"loc":{"start":{"line":55,"column":74},"end":{"line":67,"column":2}}},"7":{"name":"(anonymous_20)","decl":{"start":{"line":55,"column":74},"end":{"line":55,"column":null}},"loc":{"start":{"line":55,"column":74},"end":{"line":67,"column":1}}}},"branchMap":{"0":{"loc":{"start":{"line":30,"column":12},"end":{"line":30,"column":20}},"type":"default-arg","locations":[{"start":{"line":30,"column":19},"end":{"line":30,"column":20}}]}},"s":{"0":1,"1":1,"2":0,"3":0,"4":0,"5":0,"6":0,"7":0,"8":0,"9":1,"10":1,"11":0,"12":0,"13":0,"14":0,"15":0,"16":0,"17":1,"18":1,"19":0,"20":0,"21":0,"22":0,"23":0,"24":0,"25":1,"26":1,"27":0,"28":0,"29":0,"30":0,"31":0,"32":0,"33":0,"34":1},"f":{"0":0,"1":0,"2":0,"3":0,"4":0,"5":0,"6":0,"7":0},"b":{"0":[0]}}
,"C:\\Users\\victo\\OneDrive\\Documentos\\Projetos\\App-Quadras-Back\\src\\controllers\\userController.ts": {"path":"C:\\Users\\victo\\OneDrive\\Documentos\\Projetos\\App-Quadras-Back\\src\\controllers\\userController.ts","statementMap":{"0":{"start":{"line":2,"column":0},"end":{"line":2,"column":112}},"1":{"start":{"line":4,"column":29},"end":{"line":16,"column":2}},"2":{"start":{"line":4,"column":82},"end":{"line":16,"column":2}},"3":{"start":{"line":5,"column":4},"end":{"line":15,"column":5}},"4":{"start":{"line":6,"column":23},"end":{"line":6,"column":33}},"5":{"start":{"line":7,"column":24},"end":{"line":7,"column":57}},"6":{"start":{"line":8,"column":8},"end":{"line":11,"column":9}},"7":{"start":{"line":9,"column":12},"end":{"line":9,"column":73}},"8":{"start":{"line":10,"column":12},"end":{"line":10,"column":19}},"9":{"start":{"line":12,"column":8},"end":{"line":12,"column":38}},"10":{"start":{"line":14,"column":8},"end":{"line":14,"column":69}},"11":{"start":{"line":4,"column":13},"end":{"line":4,"column":29}},"12":{"start":{"line":20,"column":29},"end":{"line":33,"column":2}},"13":{"start":{"line":20,"column":67},"end":{"line":33,"column":2}},"14":{"start":{"line":21,"column":4},"end":{"line":32,"column":5}},"15":{"start":{"line":22,"column":23},"end":{"line":22,"column":33}},"16":{"start":{"line":23,"column":66},"end":{"line":23,"column":74}},"17":{"start":{"line":24,"column":24},"end":{"line":24,"column":96}},"18":{"start":{"line":25,"column":8},"end":{"line":29,"column":9}},"19":{"start":{"line":26,"column":12},"end":{"line":26,"column":81}},"20":{"start":{"line":28,"column":12},"end":{"line":28,"column":73}},"21":{"start":{"line":31,"column":8},"end":{"line":31,"column":69}},"22":{"start":{"line":20,"column":13},"end":{"line":20,"column":29}},"23":{"start":{"line":37,"column":30},"end":{"line":49,"column":2}},"24":{"start":{"line":37,"column":68},"end":{"line":49,"column":2}},"25":{"start":{"line":38,"column":4},"end":{"line":48,"column":5}},"26":{"start":{"line":39,"column":23},"end":{"line":39,"column":33}},"27":{"start":{"line":40,"column":24},"end":{"line":40,"column":50}},"28":{"start":{"line":41,"column":8},"end":{"line":45,"column":9}},"29":{"start":{"line":42,"column":12},"end":{"line":42,"column":79}},"30":{"start":{"line":44,"column":12},"end":{"line":44,"column":73}},"31":{"start":{"line":47,"column":8},"end":{"line":47,"column":70}},"32":{"start":{"line":37,"column":13},"end":{"line":37,"column":30}},"33":{"start":{"line":53,"column":35},"end":{"line":60,"column":2}},"34":{"start":{"line":53,"column":74},"end":{"line":60,"column":2}},"35":{"start":{"line":54,"column":4},"end":{"line":59,"column":5}},"36":{"start":{"line":55,"column":25},"end":{"line":55,"column":49}},"37":{"start":{"line":56,"column":8},"end":{"line":56,"column":39}},"38":{"start":{"line":58,"column":8},"end":{"line":58,"column":70}},"39":{"start":{"line":53,"column":13},"end":{"line":53,"column":35}}},"fnMap":{"0":{"name":"(anonymous_7)","decl":{"start":{"line":4,"column":29},"end":{"line":4,"column":36}},"loc":{"start":{"line":4,"column":82},"end":{"line":16,"column":2}}},"1":{"name":"(anonymous_8)","decl":{"start":{"line":4,"column":82},"end":{"line":4,"column":null}},"loc":{"start":{"line":4,"column":82},"end":{"line":16,"column":1}}},"2":{"name":"(anonymous_9)","decl":{"start":{"line":20,"column":29},"end":{"line":20,"column":36}},"loc":{"start":{"line":20,"column":67},"end":{"line":33,"column":2}}},"3":{"name":"(anonymous_10)","decl":{"start":{"line":20,"column":67},"end":{"line":20,"column":null}},"loc":{"start":{"line":20,"column":67},"end":{"line":33,"column":1}}},"4":{"name":"(anonymous_11)","decl":{"start":{"line":37,"column":30},"end":{"line":37,"column":37}},"loc":{"start":{"line":37,"column":68},"end":{"line":49,"column":2}}},"5":{"name":"(anonymous_12)","decl":{"start":{"line":37,"column":68},"end":{"line":37,"column":null}},"loc":{"start":{"line":37,"column":68},"end":{"line":49,"column":1}}},"6":{"name":"(anonymous_13)","decl":{"start":{"line":53,"column":35},"end":{"line":53,"column":42}},"loc":{"start":{"line":53,"column":74},"end":{"line":60,"column":2}}},"7":{"name":"(anonymous_14)","decl":{"start":{"line":53,"column":74},"end":{"line":53,"column":null}},"loc":{"start":{"line":53,"column":74},"end":{"line":60,"column":1}}}},"branchMap":{"0":{"loc":{"start":{"line":8,"column":8},"end":{"line":11,"column":9}},"type":"if","locations":[{"start":{"line":8,"column":8},"end":{"line":11,"column":9}}]},"1":{"loc":{"start":{"line":25,"column":8},"end":{"line":29,"column":9}},"type":"if","locations":[{"start":{"line":25,"column":8},"end":{"line":29,"column":9}},{"start":{"line":27,"column":15},"end":{"line":29,"column":9}}]},"2":{"loc":{"start":{"line":41,"column":8},"end":{"line":45,"column":9}},"type":"if","locations":[{"start":{"line":41,"column":8},"end":{"line":45,"column":9}},{"start":{"line":43,"column":15},"end":{"line":45,"column":9}}]}},"s":{"0":1,"1":1,"2":0,"3":0,"4":0,"5":0,"6":0,"7":0,"8":0,"9":0,"10":0,"11":1,"12":1,"13":0,"14":0,"15":0,"16":0,"17":0,"18":0,"19":0,"20":0,"21":0,"22":1,"23":1,"24":0,"25":0,"26":0,"27":0,"28":0,"29":0,"30":0,"31":0,"32":1,"33":1,"34":0,"35":0,"36":0,"37":0,"38":0,"39":1},"f":{"0":0,"1":0,"2":0,"3":0,"4":0,"5":0,"6":0,"7":0},"b":{"0":[0],"1":[0,0],"2":[0,0]}}
,"C:\\Users\\victo\\OneDrive\\Documentos\\Projetos\\App-Quadras-Back\\src\\data\\reservaData.ts": {"path":"C:\\Users\\victo\\OneDrive\\Documentos\\Projetos\\App-Quadras-Back\\src\\data\\reservaData.ts","statementMap":{"0":{"start":{"line":1,"column":0},"end":{"line":1,"column":34}},"1":{"start":{"line":3,"column":28},"end":{"line":32,"column":2}},"2":{"start":{"line":3,"column":51},"end":{"line":32,"column":2}},"3":{"start":{"line":13,"column":8},"end":{"line":13,"column":15}},"4":{"start":{"line":15,"column":22},"end":{"line":28,"column":null}},"5":{"start":{"line":31,"column":4},"end":{"line":31,"column":29}},"6":{"start":{"line":3,"column":13},"end":{"line":3,"column":28}},"7":{"start":{"line":36,"column":38},"end":{"line":62,"column":2}},"8":{"start":{"line":36,"column":65},"end":{"line":62,"column":2}},"9":{"start":{"line":37,"column":22},"end":{"line":37,"column":32}},"10":{"start":{"line":40,"column":21},"end":{"line":40,"column":61}},"11":{"start":{"line":41,"column":27},"end":{"line":41,"column":41}},"12":{"start":{"line":44,"column":29},"end":{"line":45,"column":null}},"13":{"start":{"line":47,"column":4},"end":{"line":47,"column":42}},"14":{"start":{"line":49,"column":26},"end":{"line":49,"column":52}},"15":{"start":{"line":50,"column":4},"end":{"line":50,"column":58}},"16":{"start":{"line":51,"column":4},"end":{"line":51,"column":44}},"17":{"start":{"line":53,"column":26},"end":{"line":53,"column":70}},"18":{"start":{"line":54,"column":23},"end":{"line":54,"column":64}},"19":{"start":{"line":56,"column":22},"end":{"line":58,"column":null}},"20":{"start":{"line":61,"column":4},"end":{"line":61,"column":26}},"21":{"start":{"line":36,"column":13},"end":{"line":36,"column":38}},"22":{"start":{"line":66,"column":40},"end":{"line":72,"column":2}},"23":{"start":{"line":66,"column":68},"end":{"line":72,"column":2}},"24":{"start":{"line":67,"column":22},"end":{"line":69,"column":null}},"25":{"start":{"line":71,"column":4},"end":{"line":71,"column":26}},"26":{"start":{"line":66,"column":13},"end":{"line":66,"column":40}},"27":{"start":{"line":76,"column":36},"end":{"line":84,"column":2}},"28":{"start":{"line":79,"column":4},"end":{"line":84,"column":2}},"29":{"start":{"line":80,"column":4},"end":{"line":83,"column":7}},"30":{"start":{"line":76,"column":13},"end":{"line":76,"column":36}}},"fnMap":{"0":{"name":"(anonymous_8)","decl":{"start":{"line":3,"column":28},"end":{"line":3,"column":35}},"loc":{"start":{"line":3,"column":51},"end":{"line":32,"column":2}}},"1":{"name":"(anonymous_9)","decl":{"start":{"line":3,"column":51},"end":{"line":3,"column":null}},"loc":{"start":{"line":3,"column":51},"end":{"line":32,"column":1}}},"2":{"name":"(anonymous_10)","decl":{"start":{"line":36,"column":38},"end":{"line":36,"column":45}},"loc":{"start":{"line":36,"column":65},"end":{"line":62,"column":2}}},"3":{"name":"(anonymous_11)","decl":{"start":{"line":36,"column":65},"end":{"line":36,"column":null}},"loc":{"start":{"line":36,"column":61},"end":{"line":62,"column":1}}},"4":{"name":"(anonymous_12)","decl":{"start":{"line":66,"column":40},"end":{"line":66,"column":47}},"loc":{"start":{"line":66,"column":68},"end":{"line":72,"column":2}}},"5":{"name":"(anonymous_13)","decl":{"start":{"line":66,"column":68},"end":{"line":66,"column":null}},"loc":{"start":{"line":66,"column":68},"end":{"line":72,"column":1}}},"6":{"name":"(anonymous_14)","decl":{"start":{"line":76,"column":36},"end":{"line":76,"column":null}},"loc":{"start":{"line":79,"column":4},"end":{"line":84,"column":2}}},"7":{"name":"(anonymous_15)","decl":{"start":{"line":79,"column":4},"end":{"line":79,"column":null}},"loc":{"start":{"line":79,"column":4},"end":{"line":84,"column":1}}}},"branchMap":{"0":{"loc":{"start":{"line":36,"column":45},"end":{"line":36,"column":61}},"type":"default-arg","locations":[{"start":{"line":36,"column":60},"end":{"line":36,"column":61}}]}},"s":{"0":1,"1":1,"2":0,"3":0,"4":0,"5":0,"6":1,"7":1,"8":0,"9":0,"10":0,"11":0,"12":0,"13":0,"14":0,"15":0,"16":0,"17":0,"18":0,"19":0,"20":0,"21":1,"22":1,"23":0,"24":0,"25":0,"26":1,"27":1,"28":0,"29":0,"30":1},"f":{"0":0,"1":0,"2":0,"3":0,"4":0,"5":0,"6":0,"7":0},"b":{"0":[0]}}
,"C:\\Users\\victo\\OneDrive\\Documentos\\Projetos\\App-Quadras-Back\\src\\data\\userData.ts": {"path":"C:\\Users\\victo\\OneDrive\\Documentos\\Projetos\\App-Quadras-Back\\src\\data\\userData.ts","statementMap":{"0":{"start":{"line":1,"column":0},"end":{"line":1,"column":34}},"1":{"start":{"line":4,"column":30},"end":{"line":21,"column":2}},"2":{"start":{"line":12,"column":4},"end":{"line":21,"column":2}},"3":{"start":{"line":13,"column":18},"end":{"line":17,"column":6}},"4":{"start":{"line":18,"column":19},"end":{"line":18,"column":73}},"5":{"start":{"line":19,"column":32},"end":{"line":19,"column":63}},"6":{"start":{"line":20,"column":4},"end":{"line":20,"column":26}},"7":{"start":{"line":4,"column":13},"end":{"line":4,"column":30}},"8":{"start":{"line":25,"column":42},"end":{"line":29,"column":2}},"9":{"start":{"line":25,"column":66},"end":{"line":29,"column":2}},"10":{"start":{"line":26,"column":18},"end":{"line":26,"column":58}},"11":{"start":{"line":27,"column":32},"end":{"line":27,"column":64}},"12":{"start":{"line":28,"column":4},"end":{"line":28,"column":26}},"13":{"start":{"line":25,"column":13},"end":{"line":25,"column":42}},"14":{"start":{"line":33,"column":31},"end":{"line":55,"column":2}},"15":{"start":{"line":41,"column":4},"end":{"line":55,"column":2}},"16":{"start":{"line":42,"column":18},"end":{"line":47,"column":6}},"17":{"start":{"line":48,"column":19},"end":{"line":48,"column":70}},"18":{"start":{"line":49,"column":32},"end":{"line":49,"column":63}},"19":{"start":{"line":51,"column":4},"end":{"line":53,"column":5}},"20":{"start":{"line":52,"column":8},"end":{"line":52,"column":20}},"21":{"start":{"line":54,"column":4},"end":{"line":54,"column":17}},"22":{"start":{"line":33,"column":13},"end":{"line":33,"column":31}},"23":{"start":{"line":59,"column":32},"end":{"line":67,"column":2}},"24":{"start":{"line":59,"column":53},"end":{"line":67,"column":2}},"25":{"start":{"line":60,"column":18},"end":{"line":60,"column":66}},"26":{"start":{"line":61,"column":32},"end":{"line":61,"column":61}},"27":{"start":{"line":63,"column":4},"end":{"line":65,"column":5}},"28":{"start":{"line":64,"column":8},"end":{"line":64,"column":20}},"29":{"start":{"line":66,"column":4},"end":{"line":66,"column":17}},"30":{"start":{"line":59,"column":13},"end":{"line":59,"column":32}},"31":{"start":{"line":71,"column":39},"end":{"line":75,"column":2}},"32":{"start":{"line":71,"column":60},"end":{"line":75,"column":2}},"33":{"start":{"line":72,"column":18},"end":{"line":72,"column":114}},"34":{"start":{"line":73,"column":32},"end":{"line":73,"column":61}},"35":{"start":{"line":74,"column":4},"end":{"line":74,"column":26}},"36":{"start":{"line":71,"column":13},"end":{"line":71,"column":39}},"37":{"start":{"line":79,"column":32},"end":{"line":83,"column":2}},"38":{"start":{"line":79,"column":43},"end":{"line":83,"column":2}},"39":{"start":{"line":80,"column":18},"end":{"line":80,"column":100}},"40":{"start":{"line":81,"column":32},"end":{"line":81,"column":55}},"41":{"start":{"line":82,"column":4},"end":{"line":82,"column":23}},"42":{"start":{"line":79,"column":13},"end":{"line":79,"column":32}}},"fnMap":{"0":{"name":"(anonymous_8)","decl":{"start":{"line":4,"column":30},"end":{"line":4,"column":null}},"loc":{"start":{"line":12,"column":4},"end":{"line":21,"column":2}}},"1":{"name":"(anonymous_9)","decl":{"start":{"line":12,"column":4},"end":{"line":12,"column":null}},"loc":{"start":{"line":12,"column":4},"end":{"line":21,"column":1}}},"2":{"name":"(anonymous_10)","decl":{"start":{"line":25,"column":42},"end":{"line":25,"column":49}},"loc":{"start":{"line":25,"column":66},"end":{"line":29,"column":2}}},"3":{"name":"(anonymous_11)","decl":{"start":{"line":25,"column":66},"end":{"line":25,"column":null}},"loc":{"start":{"line":25,"column":66},"end":{"line":29,"column":1}}},"4":{"name":"(anonymous_12)","decl":{"start":{"line":33,"column":31},"end":{"line":33,"column":null}},"loc":{"start":{"line":41,"column":4},"end":{"line":55,"column":2}}},"5":{"name":"(anonymous_13)","decl":{"start":{"line":41,"column":4},"end":{"line":41,"column":null}},"loc":{"start":{"line":41,"column":4},"end":{"line":55,"column":1}}},"6":{"name":"(anonymous_14)","decl":{"start":{"line":59,"column":32},"end":{"line":59,"column":39}},"loc":{"start":{"line":59,"column":53},"end":{"line":67,"column":2}}},"7":{"name":"(anonymous_15)","decl":{"start":{"line":59,"column":53},"end":{"line":59,"column":null}},"loc":{"start":{"line":59,"column":53},"end":{"line":67,"column":1}}},"8":{"name":"(anonymous_16)","decl":{"start":{"line":71,"column":39},"end":{"line":71,"column":46}},"loc":{"start":{"line":71,"column":60},"end":{"line":75,"column":2}}},"9":{"name":"(anonymous_17)","decl":{"start":{"line":71,"column":60},"end":{"line":71,"column":null}},"loc":{"start":{"line":71,"column":60},"end":{"line":75,"column":1}}},"10":{"name":"(anonymous_18)","decl":{"start":{"line":79,"column":32},"end":{"line":79,"column":41}},"loc":{"start":{"line":79,"column":43},"end":{"line":83,"column":2}}},"11":{"name":"(anonymous_19)","decl":{"start":{"line":79,"column":43},"end":{"line":79,"column":null}},"loc":{"start":{"line":79,"column":43},"end":{"line":83,"column":1}}}},"branchMap":{"0":{"loc":{"start":{"line":51,"column":4},"end":{"line":53,"column":5}},"type":"if","locations":[{"start":{"line":51,"column":4},"end":{"line":53,"column":5}}]},"1":{"loc":{"start":{"line":51,"column":8},"end":{"line":51,"column":47}},"type":"binary-expr","locations":[{"start":{"line":51,"column":8},"end":{"line":51,"column":24}},{"start":{"line":51,"column":28},"end":{"line":51,"column":47}}]},"2":{"loc":{"start":{"line":51,"column":8},"end":{"line":51,"column":24}},"type":"cond-expr","locations":[{"start":{"line":51,"column":14},"end":{"line":51,"column":16}},{"start":{"line":51,"column":8},"end":{"line":51,"column":24}}]},"3":{"loc":{"start":{"line":51,"column":8},"end":{"line":51,"column":16}},"type":"binary-expr","locations":[{"start":{"line":51,"column":8},"end":{"line":51,"column":16}},{"start":{"line":51,"column":8},"end":{"line":51,"column":16}}]},"4":{"loc":{"start":{"line":63,"column":4},"end":{"line":65,"column":5}},"type":"if","locations":[{"start":{"line":63,"column":4},"end":{"line":65,"column":5}}]},"5":{"loc":{"start":{"line":63,"column":8},"end":{"line":63,"column":47}},"type":"binary-expr","locations":[{"start":{"line":63,"column":8},"end":{"line":63,"column":24}},{"start":{"line":63,"column":28},"end":{"line":63,"column":47}}]},"6":{"loc":{"start":{"line":63,"column":8},"end":{"line":63,"column":24}},"type":"cond-expr","locations":[{"start":{"line":63,"column":14},"end":{"line":63,"column":16}},{"start":{"line":63,"column":8},"end":{"line":63,"column":24}}]},"7":{"loc":{"start":{"line":63,"column":8},"end":{"line":63,"column":16}},"type":"binary-expr","locations":[{"start":{"line":63,"column":8},"end":{"line":63,"column":16}},{"start":{"line":63,"column":8},"end":{"line":63,"column":16}}]}},"s":{"0":1,"1":1,"2":0,"3":0,"4":0,"5":0,"6":0,"7":1,"8":1,"9":0,"10":0,"11":0,"12":0,"13":1,"14":1,"15":0,"16":0,"17":0,"18":0,"19":0,"20":0,"21":0,"22":1,"23":1,"24":0,"25":0,"26":0,"27":0,"28":0,"29":0,"30":1,"31":1,"32":0,"33":0,"34":0,"35":0,"36":1,"37":1,"38":0,"39":0,"40":0,"41":0,"42":1},"f":{"0":0,"1":0,"2":0,"3":0,"4":0,"5":0,"6":0,"7":0,"8":0,"9":0,"10":0,"11":0},"b":{"0":[0],"1":[0,0],"2":[0,0],"3":[0,0],"4":[0],"5":[0,0],"6":[0,0],"7":[0,0]}}
,"C:\\Users\\victo\\OneDrive\\Documentos\\Projetos\\App-Quadras-Back\\src\\middleware\\authMiddleware.ts": {"path":"C:\\Users\\victo\\OneDrive\\Documentos\\Projetos\\App-Quadras-Back\\src\\middleware\\authMiddleware.ts","statementMap":{"0":{"start":{"line":2,"column":0},"end":{"line":2,"column":31}},"1":{"start":{"line":5,"column":19},"end":{"line":5,"column":65}},"2":{"start":{"line":7,"column":28},"end":{"line":28,"column":1}},"3":{"start":{"line":12,"column":18},"end":{"line":12,"column":69}},"4":{"start":{"line":14,"column":4},"end":{"line":19,"column":5}},"5":{"start":{"line":15,"column":8},"end":{"line":17,"column":11}},"6":{"start":{"line":18,"column":8},"end":{"line":18,"column":15}},"7":{"start":{"line":21,"column":4},"end":{"line":27,"column":5}},"8":{"start":{"line":22,"column":24},"end":{"line":22,"column":70}},"9":{"start":{"line":23,"column":8},"end":{"line":23,"column":30}},"10":{"start":{"line":24,"column":8},"end":{"line":24,"column":15}},"11":{"start":{"line":26,"column":8},"end":{"line":26,"column":61}},"12":{"start":{"line":7,"column":13},"end":{"line":7,"column":28}}},"fnMap":{"0":{"name":"(anonymous_1)","decl":{"start":{"line":7,"column":28},"end":{"line":7,"column":null}},"loc":{"start":{"line":11,"column":10},"end":{"line":28,"column":1}}}},"branchMap":{"0":{"loc":{"start":{"line":5,"column":19},"end":{"line":5,"column":65}},"type":"binary-expr","locations":[{"start":{"line":5,"column":19},"end":{"line":5,"column":41}},{"start":{"line":5,"column":45},"end":{"line":5,"column":65}}]},"1":{"loc":{"start":{"line":12,"column":18},"end":{"line":12,"column":69}},"type":"cond-expr","locations":[{"start":{"line":12,"column":45},"end":{"line":12,"column":47}},{"start":{"line":12,"column":45},"end":{"line":12,"column":69}}]},"2":{"loc":{"start":{"line":12,"column":18},"end":{"line":12,"column":47}},"type":"binary-expr","locations":[{"start":{"line":12,"column":18},"end":{"line":12,"column":47}},{"start":{"line":12,"column":45},"end":{"line":12,"column":47}}]},"3":{"loc":{"start":{"line":14,"column":4},"end":{"line":19,"column":5}},"type":"if","locations":[{"start":{"line":14,"column":4},"end":{"line":19,"column":5}}]}},"s":{"0":1,"1":1,"2":1,"3":4,"4":4,"5":1,"6":1,"7":3,"8":3,"9":0,"10":0,"11":3,"12":1},"f":{"0":4},"b":{"0":[1,1],"1":[1,3],"2":[4,4],"3":[1]}}
,"C:\\Users\\victo\\OneDrive\\Documentos\\Projetos\\App-Quadras-Back\\src\\middleware\\verificarAdmin.ts": {"path":"C:\\Users\\victo\\OneDrive\\Documentos\\Projetos\\App-Quadras-Back\\src\\middleware\\verificarAdmin.ts","statementMap":{"0":{"start":{"line":4,"column":46},"end":{"line":13,"column":1}},"1":{"start":{"line":5,"column":47},"end":{"line":5,"column":58}},"2":{"start":{"line":7,"column":4},"end":{"line":9,"column":5}},"3":{"start":{"line":8,"column":8},"end":{"line":8,"column":22}},"4":{"start":{"line":12,"column":4},"end":{"line":12,"column":106}},"5":{"start":{"line":4,"column":13},"end":{"line":4,"column":46}}},"fnMap":{"0":{"name":"(anonymous_0)","decl":{"start":{"line":4,"column":46},"end":{"line":4,"column":47}},"loc":{"start":{"line":4,"column":104},"end":{"line":13,"column":1}}}},"branchMap":{"0":{"loc":{"start":{"line":7,"column":4},"end":{"line":9,"column":5}},"type":"if","locations":[{"start":{"line":7,"column":4},"end":{"line":9,"column":5}}]},"1":{"loc":{"start":{"line":7,"column":8},"end":{"line":7,"column":43}},"type":"binary-expr","locations":[{"start":{"line":7,"column":8},"end":{"line":7,"column":15}},{"start":{"line":7,"column":19},"end":{"line":7,"column":43}}]}},"s":{"0":1,"1":0,"2":0,"3":0,"4":0,"5":1},"f":{"0":0},"b":{"0":[0],"1":[0,0]}}
,"C:\\Users\\victo\\OneDrive\\Documentos\\Projetos\\App-Quadras-Back\\src\\middleware\\verificarPermissoes.ts": {"path":"C:\\Users\\victo\\OneDrive\\Documentos\\Projetos\\App-Quadras-Back\\src\\middleware\\verificarPermissoes.ts","statementMap":{"0":{"start":{"line":4,"column":35},"end":{"line":22,"column":1}},"1":{"start":{"line":9,"column":47},"end":{"line":9,"column":58}},"2":{"start":{"line":11,"column":4},"end":{"line":16,"column":5}},"3":{"start":{"line":15,"column":8},"end":{"line":15,"column":22}},"4":{"start":{"line":18,"column":4},"end":{"line":21,"column":7}},"5":{"start":{"line":4,"column":13},"end":{"line":4,"column":35}}},"fnMap":{"0":{"name":"(anonymous_0)","decl":{"start":{"line":4,"column":35},"end":{"line":4,"column":null}},"loc":{"start":{"line":8,"column":4},"end":{"line":22,"column":1}}}},"branchMap":{"0":{"loc":{"start":{"line":11,"column":4},"end":{"line":16,"column":5}},"type":"if","locations":[{"start":{"line":11,"column":4},"end":{"line":16,"column":5}}]},"1":{"loc":{"start":{"line":12,"column":8},"end":{"line":13,"column":67}},"type":"binary-expr","locations":[{"start":{"line":12,"column":8},"end":{"line":12,"column":15}},{"start":{"line":13,"column":9},"end":{"line":13,"column":33}},{"start":{"line":13,"column":37},"end":{"line":13,"column":66}}]}},"s":{"0":2,"1":3,"2":3,"3":2,"4":1,"5":2},"f":{"0":3},"b":{"0":[2],"1":[3,3,2]}}
,"C:\\Users\\victo\\OneDrive\\Documentos\\Projetos\\App-Quadras-Back\\src\\routes\\authRoutes.ts": {"path":"C:\\Users\\victo\\OneDrive\\Documentos\\Projetos\\App-Quadras-Back\\src\\routes\\authRoutes.ts","statementMap":{"0":{"start":{"line":1,"column":0},"end":{"line":1,"column":33}},"1":{"start":{"line":2,"column":0},"end":{"line":2,"column":64}},"2":{"start":{"line":4,"column":15},"end":{"line":4,"column":23}},"3":{"start":{"line":6,"column":0},"end":{"line":6,"column":35}},"4":{"start":{"line":7,"column":0},"end":{"line":7,"column":29}},"5":{"start":{"line":9,"column":0},"end":{"line":9,"column":22}}},"fnMap":{},"branchMap":{},"s":{"0":1,"1":1,"2":1,"3":1,"4":1,"5":1},"f":{},"b":{}}
,"C:\\Users\\victo\\OneDrive\\Documentos\\Projetos\\App-Quadras-Back\\src\\routes\\reservaRoutes.ts": {"path":"C:\\Users\\victo\\OneDrive\\Documentos\\Projetos\\App-Quadras-Back\\src\\routes\\reservaRoutes.ts","statementMap":{"0":{"start":{"line":1,"column":0},"end":{"line":1,"column":33}},"1":{"start":{"line":2,"column":0},"end":{"line":2,"column":70}},"2":{"start":{"line":3,"column":0},"end":{"line":3,"column":60}},"3":{"start":{"line":4,"column":0},"end":{"line":4,"column":72}},"4":{"start":{"line":6,"column":15},"end":{"line":6,"column":23}},"5":{"start":{"line":8,"column":0},"end":{"line":8,"column":63}},"6":{"start":{"line":9,"column":0},"end":{"line":9,"column":99}},"7":{"start":{"line":10,"column":0},"end":{"line":10,"column":92}},"8":{"start":{"line":11,"column":0},"end":{"line":11,"column":108}},"9":{"start":{"line":13,"column":0},"end":{"line":13,"column":22}}},"fnMap":{},"branchMap":{},"s":{"0":1,"1":1,"2":1,"3":1,"4":1,"5":1,"6":1,"7":1,"8":1,"9":1},"f":{},"b":{}}
,"C:\\Users\\victo\\OneDrive\\Documentos\\Projetos\\App-Quadras-Back\\src\\routes\\userRoutes.ts": {"path":"C:\\Users\\victo\\OneDrive\\Documentos\\Projetos\\App-Quadras-Back\\src\\routes\\userRoutes.ts","statementMap":{"0":{"start":{"line":1,"column":0},"end":{"line":1,"column":30}},"1":{"start":{"line":2,"column":0},"end":{"line":2,"column":114}},"2":{"start":{"line":3,"column":0},"end":{"line":3,"column":60}},"3":{"start":{"line":4,"column":0},"end":{"line":4,"column":62}},"4":{"start":{"line":6,"column":15},"end":{"line":6,"column":31}},"5":{"start":{"line":8,"column":0},"end":{"line":8,"column":64}},"6":{"start":{"line":9,"column":0},"end":{"line":9,"column":64}},"7":{"start":{"line":10,"column":0},"end":{"line":10,"column":68}},"8":{"start":{"line":11,"column":0},"end":{"line":11,"column":67}},"9":{"start":{"line":13,"column":0},"end":{"line":13,"column":22}}},"fnMap":{},"branchMap":{},"s":{"0":1,"1":1,"2":1,"3":1,"4":1,"5":1,"6":1,"7":1,"8":1,"9":1},"f":{},"b":{}}
,"C:\\Users\\victo\\OneDrive\\Documentos\\Projetos\\App-Quadras-Back\\src\\utils\\passwordUtils.ts": {"path":"C:\\Users\\victo\\OneDrive\\Documentos\\Projetos\\App-Quadras-Back\\src\\utils\\passwordUtils.ts","statementMap":{"0":{"start":{"line":1,"column":0},"end":{"line":1,"column":30}},"1":{"start":{"line":3,"column":25},"end":{"line":6,"column":2}},"2":{"start":{"line":3,"column":66},"end":{"line":6,"column":2}},"3":{"start":{"line":4,"column":17},"end":{"line":4,"column":41}},"4":{"start":{"line":5,"column":4},"end":{"line":5,"column":36}},"5":{"start":{"line":3,"column":13},"end":{"line":3,"column":25}},"6":{"start":{"line":8,"column":28},"end":{"line":10,"column":2}},"7":{"start":{"line":8,"column":89},"end":{"line":10,"column":2}},"8":{"start":{"line":9,"column":4},"end":{"line":9,"column":44}},"9":{"start":{"line":8,"column":13},"end":{"line":8,"column":28}}},"fnMap":{"0":{"name":"(anonymous_8)","decl":{"start":{"line":3,"column":25},"end":{"line":3,"column":32}},"loc":{"start":{"line":3,"column":66},"end":{"line":6,"column":2}}},"1":{"name":"(anonymous_9)","decl":{"start":{"line":3,"column":66},"end":{"line":3,"column":null}},"loc":{"start":{"line":3,"column":66},"end":{"line":6,"column":1}}},"2":{"name":"(anonymous_10)","decl":{"start":{"line":8,"column":28},"end":{"line":8,"column":35}},"loc":{"start":{"line":8,"column":89},"end":{"line":10,"column":2}}},"3":{"name":"(anonymous_11)","decl":{"start":{"line":8,"column":89},"end":{"line":8,"column":null}},"loc":{"start":{"line":8,"column":89},"end":{"line":10,"column":1}}}},"branchMap":{},"s":{"0":1,"1":1,"2":0,"3":0,"4":0,"5":1,"6":1,"7":0,"8":0,"9":1},"f":{"0":0,"1":0,"2":0,"3":0},"b":{}}
,"C:\\Users\\victo\\OneDrive\\Documentos\\Projetos\\App-Quadras-Back\\src\\utils\\tokenUtils.ts": {"path":"C:\\Users\\victo\\OneDrive\\Documentos\\Projetos\\App-Quadras-Back\\src\\utils\\tokenUtils.ts","statementMap":{"0":{"start":{"line":1,"column":0},"end":{"line":1,"column":31}},"1":{"start":{"line":3,"column":15},"end":{"line":3,"column":61}},"2":{"start":{"line":5,"column":26},"end":{"line":7,"column":1}},"3":{"start":{"line":6,"column":4},"end":{"line":6,"column":80}},"4":{"start":{"line":5,"column":13},"end":{"line":5,"column":26}}},"fnMap":{"0":{"name":"(anonymous_1)","decl":{"start":{"line":5,"column":26},"end":{"line":5,"column":27}},"loc":{"start":{"line":5,"column":88},"end":{"line":7,"column":1}}}},"branchMap":{"0":{"loc":{"start":{"line":3,"column":15},"end":{"line":3,"column":61}},"type":"binary-expr","locations":[{"start":{"line":3,"column":15},"end":{"line":3,"column":37}},{"start":{"line":3,"column":41},"end":{"line":3,"column":61}}]}},"s":{"0":1,"1":1,"2":1,"3":0,"4":1},"f":{"0":0},"b":{"0":[1,1]}}
}
